<?xml version="1.0" encoding="UTF-8"?>
<!-- Generated by org.testng.reporters.JUnitXMLReporter -->
<testsuite hostname="georgepulinthan" name="Test" tests="3" failures="0" timestamp="25 Apr 2020 17:22:22 GMT" time="62.209" errors="0">
  <testcase name="@BeforeMethod Launch" time="0.0" classname="TestScripts.cmslandtestandlinkverify">
    <failure type="org.openqa.selenium.NoSuchElementException" message="no such element: Unable to locate element: {&amp;quot;method&amp;quot;:&amp;quot;link text&amp;quot;,&amp;quot;selector&amp;quot;:&amp;quot;Log in&amp;quot;}
  (Session info: chrome=81.0.4044.122)
For documentation on this error, please visit: https://www.seleniumhq.org/exceptions/no_such_element.html
Build info: version: &amp;apos;3.141.59&amp;apos;, revision: &amp;apos;e82be7d358&amp;apos;, time: &amp;apos;2018-11-14T08:25:53&amp;apos;
System info: host: &amp;apos;GEORGEPULINTHAN&amp;apos;, ip: &amp;apos;192.168.43.90&amp;apos;, os.name: &amp;apos;Windows 7&amp;apos;, os.arch: &amp;apos;amd64&amp;apos;, os.version: &amp;apos;6.1&amp;apos;, java.version: &amp;apos;1.8.0_141&amp;apos;
Driver info: org.openqa.selenium.chrome.ChromeDriver
Capabilities {acceptInsecureCerts: false, browserName: chrome, browserVersion: 81.0.4044.122, chrome: {chromedriverVersion: 80.0.3987.106 (f68069574609..., userDataDir: C:\Users\GEORGE~1\AppData\L...}, goog:chromeOptions: {debuggerAddress: localhost:50056}, javascriptEnabled: true, networkConnectionEnabled: false, pageLoadStrategy: normal, platform: WINDOWS, platformName: WINDOWS, proxy: Proxy(), setWindowRect: true, strictFileInteractability: false, timeouts: {implicit: 0, pageLoad: 300000, script: 30000}, unhandledPromptBehavior: dismiss and notify}
Session ID: 24f481d87d6654c2b866348f4e258a80
*** Element info: {Using=link text, value=Log in}">
      <![CDATA[org.openqa.selenium.NoSuchElementException: no such element: Unable to locate element: {"method":"link text","selector":"Log in"}
  (Session info: chrome=81.0.4044.122)
For documentation on this error, please visit: https://www.seleniumhq.org/exceptions/no_such_element.html
Build info: version: '3.141.59', revision: 'e82be7d358', time: '2018-11-14T08:25:53'
System info: host: 'GEORGEPULINTHAN', ip: '192.168.43.90', os.name: 'Windows 7', os.arch: 'amd64', os.version: '6.1', java.version: '1.8.0_141'
Driver info: org.openqa.selenium.chrome.ChromeDriver
Capabilities {acceptInsecureCerts: false, browserName: chrome, browserVersion: 81.0.4044.122, chrome: {chromedriverVersion: 80.0.3987.106 (f68069574609..., userDataDir: C:\Users\GEORGE~1\AppData\L...}, goog:chromeOptions: {debuggerAddress: localhost:50056}, javascriptEnabled: true, networkConnectionEnabled: false, pageLoadStrategy: normal, platform: WINDOWS, platformName: WINDOWS, proxy: Proxy(), setWindowRect: true, strictFileInteractability: false, timeouts: {implicit: 0, pageLoad: 300000, script: 30000}, unhandledPromptBehavior: dismiss and notify}
Session ID: 24f481d87d6654c2b866348f4e258a80
*** Element info: {Using=link text, value=Log in}
	at org.openqa.selenium.remote.http.W3CHttpResponseCodec.createException(W3CHttpResponseCodec.java:187)
	at org.openqa.selenium.remote.http.W3CHttpResponseCodec.decode(W3CHttpResponseCodec.java:122)
	at org.openqa.selenium.remote.http.W3CHttpResponseCodec.decode(W3CHttpResponseCodec.java:49)
	at org.openqa.selenium.remote.HttpCommandExecutor.execute(HttpCommandExecutor.java:158)
	at org.openqa.selenium.remote.service.DriverCommandExecutor.execute(DriverCommandExecutor.java:83)
	at org.openqa.selenium.remote.RemoteWebDriver.execute(RemoteWebDriver.java:552)
	at org.openqa.selenium.remote.RemoteWebDriver.findElement(RemoteWebDriver.java:323)
	at org.openqa.selenium.remote.RemoteWebDriver.findElementByLinkText(RemoteWebDriver.java:380)
	at org.openqa.selenium.By$ByLinkText.findElement(By.java:220)
	at org.openqa.selenium.remote.RemoteWebDriver.findElement(RemoteWebDriver.java:315)
	at org.openqa.selenium.support.pagefactory.DefaultElementLocator.findElement(DefaultElementLocator.java:69)
	at org.openqa.selenium.support.pagefactory.internal.LocatingElementHandler.invoke(LocatingElementHandler.java:38)
	at com.sun.proxy.$Proxy11.click(Unknown Source)
	at Base.cmsbase.Launch(cmsbase.java:142)
... Removed 30 stack frames]]>
    </failure>
  </testcase> <!-- @BeforeMethod Launch -->
  <testcase name="@AfterMethod close" time="0.0" classname="TestScripts.cmslandtestandlinkverify">
    <skipped/>
  </testcase> <!-- @AfterMethod close -->
  <testcase name="@BeforeMethod Launch" time="0.0" classname="TestScripts.cmslandtestandlinkverify">
    <skipped/>
  </testcase> <!-- @BeforeMethod Launch -->
  <testcase name="@AfterMethod close" time="0.0" classname="TestScripts.cmslandtestandlinkverify">
    <skipped/>
  </testcase> <!-- @AfterMethod close -->
  <testcase name="@BeforeMethod Launch" time="0.0" classname="TestScripts.cmslandtestandlinkverify">
    <skipped/>
  </testcase> <!-- @BeforeMethod Launch -->
  <testcase name="@AfterMethod close" time="0.0" classname="TestScripts.cmslandtestandlinkverify">
    <skipped/>
  </testcase> <!-- @AfterMethod close -->
  <testcase name="@AfterTest endreport" time="0.0" classname="TestScripts.cmslandtestandlinkverify">
    <skipped/>
  </testcase> <!-- @AfterTest endreport -->
  <testcase name="verifylandingpage" time="0.002" classname="TestScripts.cmslandtestandlinkverify">
    <skipped/>
  </testcase> <!-- verifylandingpage -->
  <testcase name="verifymedialink" time="0.0" classname="TestScripts.cmslandtestandlinkverify">
    <skipped/>
  </testcase> <!-- verifymedialink -->
  <testcase name="verifypostlink" time="0.001" classname="TestScripts.cmslandtestandlinkverify">
    <skipped/>
  </testcase> <!-- verifypostlink -->
</testsuite> <!-- Test -->
